<?xml version="1.0" encoding="UTF-8"?>
<!-- Generated by org.testng.reporters.JUnitXMLReporter -->
<testsuite ignored="2" hostname="DESKTOP-O8NFI4N" failures="0" tests="1" name="Default test" time="96.838" errors="0" timestamp="2023-01-02T20:39:44 IST">
  <testcase classname="Test.TestCases" name="HomePage" time="93.722"/>
  <testcase classname="Base.TestBase" name="@AfterSuite tearDown" time="0.0">
    <ignored/>
  </testcase> <!-- @AfterSuite tearDown -->
  <testcase classname="Base.TestBase" name="@BeforeSuite BrowserInitialisation" time="0.0">
    <ignored/>
  </testcase> <!-- @BeforeSuite BrowserInitialisation -->
</testsuite> <!-- Default test -->
